Generated at 2015-08-18 01:13:48 -0400
RuntimeError: machine[zookeeper.example.com] (solr-cloud-cluster::provision_vagrant line 5) had an error: RuntimeError: vagrant up zookeeper.example.com failed!
STDOUT:Bringing machine 'zookeeper.example.com' up with 'virtualbox' provider...
==> zookeeper.example.com: Importing base box 'opscode-ubuntu-14.04'...
[KProgress: 10%[KProgress: 30%[KProgress: 40%[KProgress: 60%[KProgress: 70%[KProgress: 80%[KProgress: 90%[K==> zookeeper.example.com: Matching MAC address for NAT networking...
==> zookeeper.example.com: Setting the name of the VM: vagrants_zookeeperexamplecom_1439874824932_67584
==> zookeeper.example.com: Fixed port collision for 22 => 2222. Now on port 2203.
==> zookeeper.example.com: Clearing any previously set network interfaces...
==> zookeeper.example.com: Preparing network interfaces based on configuration...
    zookeeper.example.com: Adapter 1: nat
    zookeeper.example.com: Adapter 2: hostonly
==> zookeeper.example.com: Forwarding ports...
    zookeeper.example.com: 22 => 2203 (adapter 1)
==> zookeeper.example.com: Running 'pre-boot' VM customizations...

STDERR:A customization command failed:

["modifyvm", :id, "--name", "zookeeper", "--memory", "512", "--cpus", "1", "--natdnshostresolver1", "on", "--usb", "off", "--usbehci", "off"]

The following error was experienced:

#<Vagrant::Errors::VBoxManageError: There was an error while executing `VBoxManage`, a CLI used by Vagrant
for controlling VirtualBox. The command and stderr is shown below.

Command: ["modifyvm", "75c31e69-3a28-4d40-b8cd-d460f4953b12", "--name", "zookeeper", "--memory", "512", "--cpus", "1", "--natdnshostresolver1", "on", "--usb", "off", "--usbehci", "off"]

Stderr: VBoxManage: error: Could not rename the directory '/Users/andrewdufour/VirtualBox VMs/vagrants_zookeeperexamplecom_1439874824932_67584' to '/Users/andrewdufour/VirtualBox VMs/zookeeper' to save the settings file (VERR_ALREADY_EXISTS)
VBoxManage: error: Details: code NS_ERROR_FAILURE (0x80004005), component SessionMachine, interface IMachine, callee nsISupports
VBoxManage: error: Context: "SaveSettings()" at line 2788 of file VBoxManageModifyVM.cpp
>

Please fix this customization and try again.

/opt/chefdk/embedded/lib/ruby/gems/2.1.0/gems/chef-provisioning-vagrant-0.8.3/lib/chef/provisioning/vagrant_driver/driver.rb:252:in `block in start_machine'
/opt/chefdk/embedded/apps/chef/lib/chef/mixin/why_run.rb:52:in `call'
/opt/chefdk/embedded/apps/chef/lib/chef/mixin/why_run.rb:52:in `add_action'
/opt/chefdk/embedded/apps/chef/lib/chef/provider.rb:165:in `converge_by'
/Users/andrewdufour/.chefdk/gem/ruby/2.1.0/gems/chef-provisioning-1.2.0/lib/chef/provisioning/chef_provider_action_handler.rb:54:in `perform_action'
/opt/chefdk/embedded/lib/ruby/gems/2.1.0/gems/chef-provisioning-vagrant-0.8.3/lib/chef/provisioning/vagrant_driver/driver.rb:248:in `start_machine'
/opt/chefdk/embedded/lib/ruby/gems/2.1.0/gems/chef-provisioning-vagrant-0.8.3/lib/chef/provisioning/vagrant_driver/driver.rb:73:in `ready_machine'
/Users/andrewdufour/.chefdk/gem/ruby/2.1.0/gems/chef-provisioning-1.2.0/lib/chef/provider/machine.rb:38:in `block in <class:Machine>'
/opt/chefdk/embedded/apps/chef/lib/chef/provider/lwrp_base.rb:60:in `instance_eval'
/opt/chefdk/embedded/apps/chef/lib/chef/provider/lwrp_base.rb:60:in `recipe_eval_with_update_check'
/opt/chefdk/embedded/apps/chef/lib/chef/provider/lwrp_base.rb:45:in `block in action'
/Users/andrewdufour/.chefdk/gem/ruby/2.1.0/gems/chef-provisioning-1.2.0/lib/chef/provider/machine.rb:55:in `block in <class:Machine>'
/opt/chefdk/embedded/apps/chef/lib/chef/provider/lwrp_base.rb:60:in `instance_eval'
/opt/chefdk/embedded/apps/chef/lib/chef/provider/lwrp_base.rb:60:in `recipe_eval_with_update_check'
/opt/chefdk/embedded/apps/chef/lib/chef/provider/lwrp_base.rb:45:in `block in action'
/opt/chefdk/embedded/apps/chef/lib/chef/provider.rb:130:in `run_action'
/opt/chefdk/embedded/apps/chef/lib/chef/resource.rb:562:in `run_action'
/opt/chefdk/embedded/apps/chef/lib/chef/runner.rb:49:in `run_action'
/opt/chefdk/embedded/apps/chef/lib/chef/runner.rb:81:in `block (2 levels) in converge'
/opt/chefdk/embedded/apps/chef/lib/chef/runner.rb:81:in `each'
/opt/chefdk/embedded/apps/chef/lib/chef/runner.rb:81:in `block in converge'
/opt/chefdk/embedded/apps/chef/lib/chef/resource_collection/resource_list.rb:83:in `block in execute_each_resource'
/opt/chefdk/embedded/apps/chef/lib/chef/resource_collection/stepable_iterator.rb:116:in `call'
/opt/chefdk/embedded/apps/chef/lib/chef/resource_collection/stepable_iterator.rb:116:in `call_iterator_block'
/opt/chefdk/embedded/apps/chef/lib/chef/resource_collection/stepable_iterator.rb:85:in `step'
/opt/chefdk/embedded/apps/chef/lib/chef/resource_collection/stepable_iterator.rb:104:in `iterate'
/opt/chefdk/embedded/apps/chef/lib/chef/resource_collection/stepable_iterator.rb:55:in `each_with_index'
/opt/chefdk/embedded/apps/chef/lib/chef/resource_collection/resource_list.rb:81:in `execute_each_resource'
/opt/chefdk/embedded/apps/chef/lib/chef/runner.rb:80:in `converge'
/opt/chefdk/embedded/apps/chef/lib/chef/client.rb:339:in `block in converge'
/opt/chefdk/embedded/apps/chef/lib/chef/client.rb:334:in `catch'
/opt/chefdk/embedded/apps/chef/lib/chef/client.rb:334:in `converge'
/opt/chefdk/embedded/apps/chef/lib/chef/client.rb:353:in `converge_and_save'
/opt/chefdk/embedded/apps/chef/lib/chef/client.rb:457:in `run'
/opt/chefdk/embedded/apps/chef/lib/chef/application.rb:271:in `block in fork_chef_client'
/opt/chefdk/embedded/apps/chef/lib/chef/application.rb:259:in `fork'
/opt/chefdk/embedded/apps/chef/lib/chef/application.rb:259:in `fork_chef_client'
/opt/chefdk/embedded/apps/chef/lib/chef/application.rb:225:in `block in run_chef_client'
/opt/chefdk/embedded/apps/chef/lib/chef/local_mode.rb:39:in `with_server_connectivity'
/opt/chefdk/embedded/apps/chef/lib/chef/application.rb:213:in `run_chef_client'
/opt/chefdk/embedded/apps/chef/lib/chef/application/client.rb:402:in `block in interval_run_chef_client'
/opt/chefdk/embedded/apps/chef/lib/chef/application/client.rb:392:in `loop'
/opt/chefdk/embedded/apps/chef/lib/chef/application/client.rb:392:in `interval_run_chef_client'
/opt/chefdk/embedded/apps/chef/lib/chef/application/client.rb:382:in `run_application'
/opt/chefdk/embedded/apps/chef/lib/chef/application.rb:60:in `run'
/opt/chefdk/embedded/apps/chef/bin/chef-client:26:in `<top (required)>'
/opt/chefdk/bin/chef-client:51:in `load'
/opt/chefdk/bin/chef-client:51:in `<main>'